2026-04-16 15:30:03 [INFO] ========================================
2026-04-16 15:30:03 [INFO] 脚本启动，管理员权限=1
2026-04-16 15:30:03 [INFO] 模板加载完成: Button=(61, 59), 战报=(69, 83)
2026-04-16 15:30:03 [INFO] 键盘钩子安装成功
2026-04-16 15:30:32 [INFO] [UI] 开始框选区域
2026-04-16 15:30:35 [INFO] [UI] 区域选定: (374,187)->(1545,846) 1171x659
2026-04-16 15:30:36 [INFO] [UI] 开始战斗, 区域=(374, 187, 1545, 846)
2026-04-16 15:30:36 [INFO] 自动战斗已启动, 区域=(374, 187, 1545, 846)
2026-04-16 15:30:36 [DEBUG] 检测结果: normal（无匹配）
2026-04-16 15:30:39 [DEBUG] 检测结果: normal（无匹配）
2026-04-16 15:30:42 [DEBUG] 检测结果: normal（无匹配）
2026-04-16 15:30:44 [INFO] [UI] 退出程序
2026-04-16 15:30:44 [INFO] 自动战斗已停止
2026-04-16 15:33:20 [INFO] ========================================
2026-04-16 15:33:20 [INFO] 脚本启动，管理员权限=1
2026-04-16 15:33:20 [INFO] 模板加载完成: Button=(61, 59), 战报=(69, 83)
2026-04-16 15:33:20 [INFO] 键盘钩子安装成功
2026-04-16 15:33:35 [INFO] [UI] 开始框选区域
2026-04-16 15:33:39 [INFO] [UI] 区域选定: (616,227)->(1793,891) 1177x664
2026-04-16 15:33:43 [INFO] [UI] 开始战斗, 区域=(616, 227, 1793, 891)
2026-04-16 15:33:43 [INFO] 自动战斗已启动, 区域=(616, 227, 1793, 891)
2026-04-16 15:33:43 [DEBUG] 检测结果: normal（无匹配）| 战报最佳置信度=0.459 阈值=0.60
2026-04-16 15:33:46 [DEBUG] 检测结果: normal（无匹配）| 战报最佳置信度=0.470 阈值=0.60
2026-04-16 15:33:50 [INFO] 检测到 buttonPage: 星星按钮位置=(677,811) 置信度=0.85 scale=0.95
2026-04-16 15:33:50 [INFO] 点击星形按钮 (677,811) 置信度=0.85
2026-04-16 15:33:54 [INFO] 检测到 selectHero: 战报匹配置信度=0.64
2026-04-16 15:33:54 [INFO] 选精灵: 按键 1 + 空格
2026-04-16 15:33:56 [INFO] 检测到 selectHero: 战报匹配置信度=0.63
2026-04-16 15:33:56 [INFO] 选精灵: 按键 2 + 空格
2026-04-16 15:33:58 [INFO] 检测到 buttonPage: 星星按钮位置=(676,808) 置信度=0.87 scale=0.95
2026-04-16 15:33:58 [INFO] 选精灵完成: 按键 2 后离开选英雄界面
2026-04-16 15:34:01 [DEBUG] 检测结果: normal（无匹配）| 战报最佳置信度=0.532 阈值=0.60
2026-04-16 15:34:03 [INFO] 切换暂停状态: 暂停
2026-04-16 15:34:03 [INFO] [UI] 已暂停
2026-04-16 15:34:08 [INFO] [UI] 退出程序
2026-04-16 15:34:08 [INFO] 自动战斗已停止
