2026-04-16 14:58:31 [INFO] ========================================
2026-04-16 14:58:31 [INFO] 脚本启动，管理员权限=1
2026-04-16 14:58:31 [ERROR] 找不到模板文件: C:\Users\20723\Desktop\py - 副本\Button.jpg
2026-04-16 14:58:31 [ERROR] 未捕获异常
Traceback (most recent call last):
  File "C:\Users\20723\Desktop\py - 副本\auto_battle.py", line 935, in <module>
    main()
  File "C:\Users\20723\Desktop\py - 副本\auto_battle.py", line 915, in main
    detector = PageDetector()
               ^^^^^^^^^^^^^^
  File "C:\Users\20723\Desktop\py - 副本\auto_battle.py", line 439, in __init__
    raise FileNotFoundError(f"找不到模板: {btn_path}")
FileNotFoundError: 找不到模板: C:\Users\20723\Desktop\py - 副本\Button.jpg
2026-04-16 15:00:10 [INFO] ========================================
2026-04-16 15:00:10 [INFO] 脚本启动，管理员权限=1
2026-04-16 15:00:10 [INFO] 模板加载完成: Button=(61, 59), 战报=(69, 83)
2026-04-16 15:00:10 [INFO] 键盘钩子安装成功
2026-04-16 15:01:12 [INFO] ========================================
2026-04-16 15:01:12 [INFO] 脚本启动，管理员权限=1
2026-04-16 15:01:12 [INFO] 模板加载完成: Button=(61, 59), 战报=(69, 83)
2026-04-16 15:01:12 [INFO] 键盘钩子安装成功
2026-04-16 15:01:20 [INFO] [UI] 开始框选区域
2026-04-16 15:01:25 [INFO] [UI] 区域选定: (372,184)->(1547,848) 1175x664
2026-04-16 15:01:31 [INFO] [UI] 开始框选区域
2026-04-16 15:01:36 [INFO] [UI] 区域选定: (384,207)->(1561,872) 1177x665
2026-04-16 15:01:38 [INFO] [UI] 开始战斗, 区域=(384, 207, 1561, 872)
2026-04-16 15:01:38 [INFO] 自动战斗已启动, 区域=(384, 207, 1561, 872)
2026-04-16 15:01:38 [DEBUG] 检测结果: normal（无匹配）
2026-04-16 15:01:40 [DEBUG] 检测结果: normal（无匹配）
2026-04-16 15:01:44 [DEBUG] 检测结果: normal（无匹配）
2026-04-16 15:01:47 [DEBUG] 检测结果: normal（无匹配）
2026-04-16 15:01:49 [DEBUG] 检测结果: normal（无匹配）
2026-04-16 15:01:53 [INFO] 检测到 selectHero: 战报匹配置信度=0.72
2026-04-16 15:01:53 [INFO] 选精灵: 按键 1 + 空格
2026-04-16 15:01:56 [INFO] 检测到 selectHero: 战报匹配置信度=0.71
2026-04-16 15:01:56 [INFO] 选精灵: 按键 2 + 空格
2026-04-16 15:01:58 [INFO] 检测到 buttonPage: 星星按钮位置=(445,791) 置信度=0.91 scale=0.95
2026-04-16 15:01:58 [INFO] 选精灵完成: 按键 2 后离开选英雄界面
2026-04-16 15:02:01 [INFO] 检测到 selectHero: 战报匹配置信度=0.72
2026-04-16 15:02:01 [INFO] 选精灵: 按键 1 + 空格
2026-04-16 15:02:04 [INFO] 检测到 selectHero: 战报匹配置信度=0.72
2026-04-16 15:02:04 [INFO] 选精灵: 按键 2 + 空格
2026-04-16 15:02:06 [INFO] 检测到 selectHero: 战报匹配置信度=0.72
2026-04-16 15:02:06 [INFO] 选精灵: 按键 3 + 空格
2026-04-16 15:02:09 [INFO] 检测到 selectHero: 战报匹配置信度=0.72
2026-04-16 15:02:09 [INFO] 选精灵: 按键 4 + 空格
2026-04-16 15:02:11 [INFO] 检测到 buttonPage: 星星按钮位置=(445,791) 置信度=0.91 scale=0.95
2026-04-16 15:02:11 [INFO] 选精灵完成: 按键 4 后离开选英雄界面
2026-04-16 15:02:14 [INFO] 检测到 buttonPage: 星星按钮位置=(445,791) 置信度=0.91 scale=0.95
2026-04-16 15:02:14 [INFO] 点击星形按钮 (445,791) 置信度=0.91
2026-04-16 15:02:19 [INFO] 检测到 selectHero: 战报匹配置信度=0.73
2026-04-16 15:02:19 [INFO] 选精灵: 按键 1 + 空格
2026-04-16 15:02:21 [INFO] 检测到 buttonPage: 星星按钮位置=(444,788) 置信度=0.90 scale=0.95
2026-04-16 15:02:21 [INFO] 选精灵完成: 按键 1 后离开选英雄界面
2026-04-16 15:02:24 [INFO] 检测到 buttonPage: 星星按钮位置=(444,788) 置信度=0.90 scale=0.95
2026-04-16 15:02:24 [INFO] 点击星形按钮 (444,788) 置信度=0.90
2026-04-16 15:02:29 [INFO] 检测到 selectHero: 战报匹配置信度=0.73
2026-04-16 15:02:29 [INFO] 选精灵: 按键 1 + 空格
2026-04-16 15:02:31 [INFO] 检测到 selectHero: 战报匹配置信度=0.74
2026-04-16 15:02:31 [INFO] 选精灵: 按键 2 + 空格
2026-04-16 15:02:33 [INFO] 检测到 selectHero: 战报匹配置信度=0.73
2026-04-16 15:02:33 [INFO] 选精灵: 按键 3 + 空格
2026-04-16 15:02:35 [INFO] 检测到 selectHero: 战报匹配置信度=0.73
2026-04-16 15:02:35 [INFO] 选精灵: 按键 4 + 空格
2026-04-16 15:02:38 [INFO] 检测到 selectHero: 战报匹配置信度=0.73
2026-04-16 15:02:38 [INFO] 选精灵: 按键 5 + 空格
2026-04-16 15:02:40 [INFO] 检测到 selectHero: 战报匹配置信度=0.73
2026-04-16 15:02:40 [INFO] 选精灵: 按键 6 + 空格
2026-04-16 15:02:43 [INFO] 检测到 buttonPage: 星星按钮位置=(444,789) 置信度=0.80 scale=0.95
2026-04-16 15:02:43 [INFO] 选精灵完成: 按键 6 后离开选英雄界面
2026-04-16 15:02:46 [INFO] 检测到 buttonPage: 星星按钮位置=(444,789) 置信度=0.80 scale=0.95
2026-04-16 15:02:46 [INFO] 点击星形按钮 (444,789) 置信度=0.80
2026-04-16 15:02:49 [INFO] 检测到 selectHero: 战报匹配置信度=0.74
2026-04-16 15:02:49 [INFO] 选精灵: 按键 1 + 空格
2026-04-16 15:02:51 [INFO] 检测到 selectHero: 战报匹配置信度=0.74
2026-04-16 15:02:51 [INFO] 选精灵: 按键 2 + 空格
2026-04-16 15:02:53 [INFO] 检测到 selectHero: 战报匹配置信度=0.74
2026-04-16 15:02:53 [INFO] 选精灵: 按键 3 + 空格
2026-04-16 15:02:56 [INFO] 检测到 buttonPage: 星星按钮位置=(444,789) 置信度=0.80 scale=0.95
2026-04-16 15:02:56 [INFO] 选精灵完成: 按键 3 后离开选英雄界面
2026-04-16 15:02:59 [INFO] 检测到 buttonPage: 星星按钮位置=(444,789) 置信度=0.80 scale=0.95
2026-04-16 15:02:59 [INFO] 点击星形按钮 (444,789) 置信度=0.80
2026-04-16 15:03:02 [INFO] 检测到 selectHero: 战报匹配置信度=0.74
2026-04-16 15:03:02 [INFO] 选精灵: 按键 1 + 空格
2026-04-16 15:03:03 [INFO] 切换暂停状态: 暂停
2026-04-16 15:03:03 [INFO] [UI] 已暂停
2026-04-16 15:03:05 [INFO] 检测到 buttonPage: 星星按钮位置=(444,788) 置信度=0.88 scale=0.95
2026-04-16 15:03:05 [INFO] 选精灵完成: 按键 1 后离开选英雄界面
2026-04-16 15:03:09 [INFO] [UI] 停止战斗
2026-04-16 15:03:09 [INFO] 自动战斗已停止
2026-04-16 15:03:10 [INFO] [UI] 退出程序
2026-04-16 15:10:46 [INFO] ========================================
2026-04-16 15:10:46 [INFO] 脚本启动，管理员权限=1
2026-04-16 15:10:46 [INFO] 模板加载完成: Button=(61, 59), 战报=(69, 83)
2026-04-16 15:10:46 [INFO] 键盘钩子安装成功
2026-04-16 15:10:53 [INFO] [UI] 开始框选区域
2026-04-16 15:10:55 [INFO] [UI] 区域选定: (379,189)->(733,226) 354x37
2026-04-16 15:10:57 [INFO] [UI] 开始框选区域
2026-04-16 15:11:01 [INFO] [UI] 区域选定: (373,177)->(1547,850) 1174x673
2026-04-16 15:11:02 [INFO] [UI] 开始战斗, 区域=(373, 177, 1547, 850)
2026-04-16 15:11:02 [INFO] 自动战斗已启动, 区域=(373, 177, 1547, 850)
2026-04-16 15:11:02 [DEBUG] 检测结果: normal（无匹配）
2026-04-16 15:11:04 [DEBUG] 检测结果: normal（无匹配）
2026-04-16 15:11:07 [DEBUG] 检测结果: normal（无匹配）
2026-04-16 15:11:10 [DEBUG] 检测结果: normal（无匹配）
2026-04-16 15:11:12 [INFO] 检测到 buttonPage: 星星按钮位置=(433,768) 置信度=0.91 scale=0.95
2026-04-16 15:11:12 [INFO] 点击星形按钮 (433,768) 置信度=0.91
2026-04-16 15:11:15 [INFO] [UI] 退出程序
2026-04-16 15:11:15 [INFO] 自动战斗已停止
2026-04-16 15:14:16 [INFO] ========================================
2026-04-16 15:14:16 [INFO] 脚本启动，管理员权限=1
2026-04-16 15:14:16 [INFO] 模板加载完成: Button=(61, 59), 战报=(69, 83)
2026-04-16 15:14:16 [INFO] 键盘钩子安装成功
2026-04-16 15:14:20 [INFO] [UI] 退出程序
2026-04-16 15:17:56 [INFO] ========================================
2026-04-16 15:17:56 [INFO] 脚本启动，管理员权限=1
2026-04-16 15:17:56 [INFO] 模板加载完成: Button=(61, 59), 战报=(69, 83)
2026-04-16 15:17:57 [INFO] 键盘钩子安装成功
2026-04-16 15:17:57 [INFO] [UI] 退出程序
